<?xml version="1.0" encoding="UTF-8"?>
<testsuite name="com.mycompany.integration.ruby.RubyIntegrationTests" time="19.64" tests="5" errors="0" skipped="0" failures="0">
  <properties>
    <property name="idea.version" value="14.0.3"/>
    <property name="java.runtime.name" value="Java(TM) SE Runtime Environment"/>
    <property name="sun.boot.library.path" value="/usr/lib/jvm/jdk1.7.0_09/jre/lib/amd64"/>
    <property name="java.vm.version" value="23.5-b02"/>
    <property name="java.vm.vendor" value="Oracle Corporation"/>
    <property name="java.vendor.url" value="http://java.oracle.com/"/>
    <property name="path.separator" value=":"/>
    <property name="guice.disable.misplaced.annotation.check" value="true"/>
    <property name="java.vm.name" value="Java HotSpot(TM) 64-Bit Server VM"/>
    <property name="file.encoding.pkg" value="sun.io"/>
    <property name="idea.launcher.port" value="7539"/>
    <property name="user.country" value="US"/>
    <property name="sun.java.launcher" value="SUN_STANDARD"/>
    <property name="sun.os.patch.level" value="unknown"/>
    <property name="java.vm.specification.name" value="Java Virtual Machine Specification"/>
    <property name="user.dir" value="/home/artem/programming/sandbox/my-module"/>
    <property name="java.runtime.version" value="1.7.0_09-b05"/>
    <property name="java.awt.graphicsenv" value="sun.awt.X11GraphicsEnvironment"/>
    <property name="java.endorsed.dirs" value="/usr/lib/jvm/jdk1.7.0_09/jre/lib/endorsed"/>
    <property name="os.arch" value="amd64"/>
    <property name="java.io.tmpdir" value="/tmp"/>
    <property name="line.separator" value="&#10;"/>
    <property name="java.vm.specification.vendor" value="Oracle Corporation"/>
    <property name="os.name" value="Linux"/>
    <property name="classworlds.conf" value="/softwares/apache-maven-3.0.4/bin/m2.conf"/>
    <property name="sun.jnu.encoding" value="UTF-8"/>
    <property name="java.library.path" value="/opt/apps/idea-IU-139.224.1/bin::/usr/java/packages/lib/amd64:/usr/lib64:/lib64:/lib:/usr/lib"/>
    <property name="java.specification.name" value="Java Platform API Specification"/>
    <property name="java.class.version" value="51.0"/>
    <property name="sun.management.compiler" value="HotSpot 64-Bit Tiered Compilers"/>
    <property name="os.version" value="3.13.0-46-generic"/>
    <property name="user.home" value="/home/artem"/>
    <property name="user.timezone" value="Europe/Zaporozhye"/>
    <property name="java.awt.printerjob" value="sun.print.PSPrinterJob"/>
    <property name="java.specification.version" value="1.7"/>
    <property name="idea.launcher.bin.path" value="/opt/apps/idea-IU-139.224.1/bin"/>
    <property name="file.encoding" value="UTF-8"/>
    <property name="user.name" value="artem"/>
    <property name="java.class.path" value="/softwares/apache-maven-3.0.4/boot/plexus-classworlds-2.4.jar:/opt/apps/idea-IU-139.224.1/lib/idea_rt.jar"/>
    <property name="java.vm.specification.version" value="1.7"/>
    <property name="sun.arch.data.model" value="64"/>
    <property name="java.home" value="/usr/lib/jvm/jdk1.7.0_09/jre"/>
    <property name="sun.java.command" value="com.intellij.rt.execution.application.AppMain org.codehaus.classworlds.Launcher -Didea.version=14.0.3 clean install io.vertx:vertx-maven-plugin:2.0.11-final:runMod"/>
    <property name="java.specification.vendor" value="Oracle Corporation"/>
    <property name="user.language" value="en"/>
    <property name="awt.toolkit" value="sun.awt.X11.XToolkit"/>
    <property name="java.vm.info" value="mixed mode"/>
    <property name="java.version" value="1.7.0_09"/>
    <property name="java.ext.dirs" value="/usr/lib/jvm/jdk1.7.0_09/jre/lib/ext:/usr/java/packages/lib/ext"/>
    <property name="securerandom.source" value="file:/dev/./urandom"/>
    <property name="sun.boot.class.path" value="/usr/lib/jvm/jdk1.7.0_09/jre/lib/resources.jar:/usr/lib/jvm/jdk1.7.0_09/jre/lib/rt.jar:/usr/lib/jvm/jdk1.7.0_09/jre/lib/sunrsasign.jar:/usr/lib/jvm/jdk1.7.0_09/jre/lib/jsse.jar:/usr/lib/jvm/jdk1.7.0_09/jre/lib/jce.jar:/usr/lib/jvm/jdk1.7.0_09/jre/lib/charsets.jar:/usr/lib/jvm/jdk1.7.0_09/jre/lib/jfr.jar:/usr/lib/jvm/jdk1.7.0_09/jre/classes"/>
    <property name="java.vendor" value="Oracle Corporation"/>
    <property name="maven.home" value="/softwares/apache-maven-3.0.4"/>
    <property name="file.separator" value="/"/>
    <property name="java.vendor.url.bug" value="http://bugreport.sun.com/bugreport/"/>
    <property name="sun.cpu.endian" value="little"/>
    <property name="sun.io.unicode.encoding" value="UnicodeLittle"/>
    <property name="sun.desktop" value="gnome"/>
    <property name="sun.cpu.isalist" value=""/>
  </properties>
  <testcase name="src/test/resources/integration_tests/ruby|basic_integration_test.rb|test_http" classname="com.mycompany.integration.ruby.RubyIntegrationTests" time="12.787"/>
  <testcase name="src/test/resources/integration_tests/ruby|basic_integration_test.rb|test_deploy_arbitrary_verticle" classname="com.mycompany.integration.ruby.RubyIntegrationTests" time="1.591"/>
  <testcase name="src/test/resources/integration_tests/ruby|basic_integration_test.rb|test_complete_on_timer" classname="com.mycompany.integration.ruby.RubyIntegrationTests" time="2.532"/>
  <testcase name="src/test/resources/integration_tests/ruby|module_integration_test.rb|test_ping" classname="com.mycompany.integration.ruby.RubyIntegrationTests" time="1.32"/>
  <testcase name="src/test/resources/integration_tests/ruby|module_integration_test.rb|test_something_else" classname="com.mycompany.integration.ruby.RubyIntegrationTests" time="1.41"/>
</testsuite>